D:\XIANGQI\PROJ.WIN32\DEBUG.WIN32\APPDELEGATE.OBJ
D:\XIANGQI\PROJ.WIN32\DEBUG.WIN32\MAIN.OBJ
D:\XIANGQI\PROJ.WIN32\DEBUG.WIN32\SCENESTART.OBJ
D:\XIANGQI\PROJ.WIN32\DEBUG.WIN32\SCENEMENU.OBJ
D:\XIANGQI\PROJ.WIN32\DEBUG.WIN32\SCENEGAME.OBJ
D:\XIANGQI\PROJ.WIN32\DEBUG.WIN32\AIPLAYER.OBJ
D:\XIANGQI\PROJ.WIN32\DEBUG.WIN32\STONE.OBJ
D:\XIANGQI\PROJ.WIN32\DEBUG.WIN32\VC110.PDB
D:\XIANGQI\PROJ.WIN32\DEBUG.WIN32\XIANGQI.ILK
D:\XIANGQI\PROJ.WIN32\DEBUG.WIN32\XIANGQI.EXE
D:\XIANGQI\PROJ.WIN32\DEBUG.WIN32\XIANGQI.PDB
D:\XIANGQI\PROJ.WIN32\DEBUG.WIN32\GAME.RES
D:\XiangQi\proj.win32\Debug.win32\XiangQi.vcxprojResolveAssemblyReference.cache
D:\XiangQi\proj.win32\Debug.win32\AIPlayer.obj
D:\XiangQi\proj.win32\Debug.win32\AppDelegate.obj
D:\XiangQi\proj.win32\Debug.win32\main.obj
D:\XiangQi\proj.win32\Debug.win32\SceneGame.obj
D:\XiangQi\proj.win32\Debug.win32\SceneMenu.obj
D:\XiangQi\proj.win32\Debug.win32\SceneStart.obj
D:\XiangQi\proj.win32\Debug.win32\Stone.obj
D:\XiangQi\proj.win32\Debug.win32\XiangQi.ilk
D:\XiangQi\proj.win32\Debug.win32\CL.10196.read.1.tlog
D:\XiangQi\proj.win32\Debug.win32\CL.10196.write.1.tlog
D:\XiangQi\proj.win32\Debug.win32\CL.11028.read.1.tlog
D:\XiangQi\proj.win32\Debug.win32\CL.11028.write.1.tlog
D:\XiangQi\proj.win32\Debug.win32\CL.11980.read.1.tlog
D:\XiangQi\proj.win32\Debug.win32\CL.11980.write.1.tlog
D:\XiangQi\proj.win32\Debug.win32\CL.4584.read.1.tlog
D:\XiangQi\proj.win32\Debug.win32\CL.4584.write.1.tlog
D:\XiangQi\proj.win32\Debug.win32\CL.4656.read.1.tlog
D:\XiangQi\proj.win32\Debug.win32\CL.4656.write.1.tlog
D:\XiangQi\proj.win32\Debug.win32\CL.5188.read.1.tlog
D:\XiangQi\proj.win32\Debug.win32\CL.5188.write.1.tlog
D:\XiangQi\proj.win32\Debug.win32\CL.5668.read.1.tlog
D:\XiangQi\proj.win32\Debug.win32\CL.5668.write.1.tlog
D:\XiangQi\proj.win32\Debug.win32\cl.command.1.tlog
D:\XiangQi\proj.win32\Debug.win32\CL.read.1.tlog
D:\XiangQi\proj.win32\Debug.win32\cl.write.1.tlog
D:\XiangQi\proj.win32\Debug.win32\link-cvtres.read.1.tlog
D:\XiangQi\proj.win32\Debug.win32\link-cvtres.write.1.tlog
D:\XiangQi\proj.win32\Debug.win32\link-rc.read.1.tlog
D:\XiangQi\proj.win32\Debug.win32\link-rc.write.1.tlog
D:\XiangQi\proj.win32\Debug.win32\link.command.1.tlog
D:\XiangQi\proj.win32\Debug.win32\link.read.1.tlog
D:\XiangQi\proj.win32\Debug.win32\link.write.1.tlog
D:\XiangQi\proj.win32\Debug.win32\rc.command.1.tlog
D:\XiangQi\proj.win32\Debug.win32\rc.read.1.tlog
D:\XiangQi\proj.win32\Debug.win32\rc.write.1.tlog
D:\XiangQi\proj.win32\Debug.win32\game.res
D:\XiangQi\proj.win32\Debug.win32\vc110.idb
D:\XiangQi\proj.win32\Debug.win32\vc110.pdb
D:\XiangQi\proj.win32\Debug.win32\XiangQi.pdb
D:\XiangQi\proj.win32\Debug.win32\XiangQi.exe
